commit b11bd518b9bd80fce2bede18e001dafd40eab0fe
Author: bhomerdodson <bhomerdodson@gmail.com>
Date:   Wed Sep 12 17:29:48 2012 -0500

    Documentation and README created

commit 6ea91905ae9194be9bf32900bdcf52c0475bb246
Author: bhomerdodson <bhomerdodson@gmail.com>
Date:   Wed Sep 12 17:19:49 2012 -0500

    Get rid of other acceptance and unit tests

commit 0cbfdb426045a50756450d067fe3101026f19183
Author: bhomerdodson <bhomerdodson@gmail.com>
Date:   Wed Sep 12 17:18:12 2012 -0500

    Commenting of the code completed

commit 88dfd33cab8b9ce8efaa59076990c1d2fe3e01a6
Author: bhomerdodson <bhomerdodson@gmail.com>
Date:   Wed Sep 12 15:46:57 2012 -0500

    Issue 18 resolved

commit d12f67c94c759d669f90d08290bcb5b3449e8066
Author: bhomerdodson <bhomerdodson@gmail.com>
Date:   Wed Sep 12 10:03:15 2012 -0500

    Unit tests created

commit 6be75fe8bbc4ab55bc2eb3be8517205084b9afaf
Author: bhomerdodson <bhomerdodson@gmail.com>
Date:   Tue Sep 11 20:16:03 2012 -0500

    Faster version

commit e6347cadd086e5ca9cf0afe1b156231fa761357e
Author: bhomerdodson <bhomerdodson@gmail.com>
Date:   Tue Sep 11 20:15:04 2012 -0500

    Faster version

commit 3b7d35986f38756c584baca12308a9acd55837e7
Author: bhomerdodson <bhomerdodson@gmail.com>
Date:   Tue Sep 11 20:07:00 2012 -0500

    Issue 12 resolved and issue 16 and issue 17 no longer to be resolved

commit dfd5921ec8756745e66b716c6b9671f04ce7b3f9
Author: bhomerdodson <bhomerdodson@gmail.com>
Date:   Tue Sep 11 19:09:24 2012 -0500

    Issue 15 resolved

commit 75fd479e0d80a29119ed43d0a5151d5583f8dfd3
Author: bhomerdodson <bhomerdodson@gmail.com>
Date:   Tue Sep 11 19:01:39 2012 -0500

    Issue 14 resolved and SphereCollatz.py created

commit 59b56fa1fdf2a5c6c7e13036b95d4ec2b244e776
Author: bhomerdodson <bhomerdodson@gmail.com>
Date:   Tue Sep 11 17:45:49 2012 -0500

    Initial commit with default files given
