220297 39310 386
56970 621728 470
594584 299767 470
459858 513495 470
97526 673222 509
197414 361230 443
979599 287789 525
215320 840715 525
361928 72699 443
557203 181105 470
834336 797529 450
781441 46488 509
594208 513393 452
354183 40960 443
120852 893723 525
520171 745639 509
873948 119165 525
821869 482355 509
323136 177251 443
224216 659398 509
101029 929073 525
507434 218667 449
752664 736064 424
694284 464627 509
578139 824145 509
871652 46175 525
233400 868137 525
787228 118294 509
46803 467375 449
443393 893182 525
891855 863479 445
562864 105450 470
859148 673905 525
234401 208335 443
726904 748140 424
372713 562447 470
375964 981188 525
206477 132151 383
879353 942608 507
674566 435151 509
452799 407737 449
469611 200530 449
455414 773975 509
610636 397472 470
649339 978131 525
832615 131290 509
912283 369811 525
473865 53165 449
690849 168947 509
165277 417228 449
589867 957713 525
783500 993666 525
474158 152336 449
834264 306320 509
603737 70335 470
844073 482273 525
268503 505169 449
595730 618616 447
654392 594388 509
416662 288264 449
989997 509212 525
790336 484727 509
118571 956391 525
375776 396301 436
316139 73093 443
616969 511792 470
631424 487870 509
369814 133956 443
158982 107106 383
131993 354604 443
83680 544922 470
186749 653382 509
790080 759562 468
635941 969496 525
675172 972100 525
226500 170538 386
241800 30184 443
574865 496901 470
245989 36163 443
693776 244716 509
195423 139242 383
824886 105999 509
261034 786465 509
394393 69380 443
648040 545921 509
992093 660822 525
621517 764169 509
383375 912243 525
296709 969540 525
127859 160379 383
645246 594318 509
225483 415854 449
897231 983995 507
95304 719897 509
446382 195355 449
455256 503516 444
848413 934253 476
96597 200523 383
719622 729546 411
268814 660944 509
760574 747316 424
747747 461126 509
75711 968434 525
62098 723087 509
723194 959246 525
803782 618083 509
298771 391685 441
384072 91520 443
298560 946109 525
137903 597357 470
254473 119250 443
870350 280778 525
65168 46074 340
889153 962430 507
505458 673313 509
30103 611490 470
994588 433849 525
161912 912347 525
660 379338 443
412000 4776 449
456079 578120 470
346380 15435 443
513422 952552 525
402542 374263 436
552497 372699 470
161789 883529 525
553000 267186 470
151370 473993 449
194045 919761 525
692141 887766 525
925227 264318 525
375544 322555 441
259194 858509 525
321887 337344 384
656789 529871 509
268629 9649 443
459716 565174 470
231837 383983 441
858364 28148 525
589702 376746 470
980378 206168 525
579511 726733 509
892142 581800 525
85113 69800 351
568064 577811 390
731657 614171 509
707626 365078 509
364543 492391 449
908026 367367 525
60089 602940 470
491953 570787 470
220941 281792 443
915248 20711 525
827511 638541 504
448657 127651 449
193774 311398 443
440835 746947 509
870195 216020 525
233704 202789 443
45200 831851 509
29603 636074 509
804026 858681 525
152656 443185 449
472540 339191 449
608780 490745 470
811740 943536 525
645498 589409 509
463485 727421 509
104514 367496 443
570731 39349 470
471865 712889 509
375434 614054 470
443551 859173 525
128318 944043 525
809561 779585 468
234139 835589 509
173516 171132 347
479249 88494 449
241444 646570 509
74735 587786 470
417778 868186 525
708553 896566 525
314973 76262 443
176225 865405 525
221299 98287 386
640242 297313 509
726616 580255 509
646134 389061 509
958337 179030 525
912912 244304 525
912642 601952 525
345497 388388 441
397417 529191 470
901519 160020 525
922061 227795 525
722551 765719 424
504572 377740 449
845496 161711 525
444494 583332 470
704553 255509 509
86962 993148 525
782466 941435 525
580471 456693 470
5177 114081 354
837794 544738 509
858515 611437 525
791521 899608 525
305471 869226 525
193307 397903 443
752406 539365 509
361585 191978 443
225388 899108 525
545494 796945 509
752590 398496 509
494085 484078 426
295524 393760 441
503502 835259 509
64356 482909 449
408265 275489 441
180436 825922 509
970807 700721 525
147126 561089 470
646823 555701 509
835687 738354 468
517903 548901 452
403066 554524 470
971487 968418 458
189874 205347 360
768791 370111 509
114710 689866 509
444350 379418 449
724052 886120 525
404913 601653 470
221499 159458 386
77522 125553 354
375440 807283 509
57838 632748 509
631180 739402 504
334352 530566 470
63095 871217 525
155789 991108 525
336922 406696 441
860474 940373 507
567937 487839 470
636895 709086 504
205991 900405 525
171453 608266 470
935843 893021 476
563852 534093 452
471857 469151 338
199015 672333 509
71292 531410 470
91027 840799 525
514050 675112 509
59977 347876 443
308594 602724 470
632482 919969 525
473247 637430 509
38948 345059 443
265898 189978 443
837373 671390 504
813658 692194 504
649096 694420 442
564708 632584 509
653166 291523 509
470022 657387 509
368826 833849 509
821965 474174 509
622135 866146 525
938669 841497 476
592425 662755 509
886901 722490 525
573691 741056 509
203606 49915 383
901256 349984 525
650671 514105 509
732221 52842 509
444999 796938 509
575976 109175 470
56713 529019 470
59693 631800 509
746768 796952 468
137907 847231 525
852974 804950 525
262454 703368 509
57932 524057 470
843025 241233 525
254694 252263 332
650232 195065 509
807712 351404 509
768196 586021 509
901052 905950 401
942601 998006 458
537448 652658 509
871910 98927 525
320254 592092 470
500108 674514 509
47193 374793 443
899661 815480 525
187404 363065 443
412715 8271 449
357936 865552 525
604039 446253 470
603167 638516 509
738481 80765 509
780106 807227 468
742621 248724 509
619031 276338 470
635266 748427 504
213376 135849 383
73341 565957 470
670986 720923 504
222191 867797 525
684036 366683 509
190610 166502 365
139344 40048 354
637035 109802 509
783107 18194 509
514242 816497 509
873226 633710 525
858336 22086 525
11266 533790 470
425416 893387 525
780902 70898 509
109673 749875 509
816039 852708 525
941524 243440 525
969417 900485 507
159698 202557 370
868734 173100 525
579664 382520 470
660230 56780 509
872168 502093 525
957777 983530 458
900727 33210 525
611148 28586 470
730055 57550 509
188453 291762 443
593652 863645 525
211979 506038 449
259231 140692 443
402976 709748 509
662493 93395 509
18995 713876 509
229246 254254 443
813198 267081 509
936881 375093 525
692884 814092 504
183326 619957 470
707666 767609 424
777473 51221 509
174207 104777 383
308481 523271 470
966369 27692 525
820066 371996 509
113504 939172 525
203729 579602 470
5037 703924 509
795178 681121 504
378145 106207 443
385180 164657 443
806013 47870 509
867820 448548 525
484083 883802 525
642400 430053 509
511648 22628 449
76994 503828 449
242302 327715 407
173844 978292 525
42980 448982 449
906465 627939 525
704738 211349 509
679494 822137 504
604497 312889 470
912470 796883 525
719723 857791 525
529804 348679 470
914167 759290 525
149510 735204 509
245473 515842 470
871294 110058 525
721783 643414 504
618492 525750 452
702636 113681 509
801340 72522 509
955469 285058 525
242376 664425 509
160991 769761 509
400514 745321 509
619564 793092 509
881761 509228 525
351447 729487 509
278166 958483 525
355805 467637 449
629232 223457 509
662119 382807 509
244818 733478 509
137016 113405 349
344593 388503 441
648845 324059 509
917414 899450 476
759312 31602 509
989180 251102 525
234502 171049 443
846712 734259 525
919448 479179 525
593583 851129 525
738363 859818 525
975695 61251 525
430655 673950 509
829204 117929 509
830897 618388 509
456523 415768 418
591555 36737 470
148634 112897 375
650795 301661 509
252004 49864 443
845384 326995 525
552267 539336 452
788144 876098 525
541483 800319 509
476698 443923 444
184438 185655 329
876095 857291 432
42942 29483 324
524983 848765 525
638819 760799 504
150517 245180 443
101611 143313 375
731716 92192 509
214827 568211 470
61019 812026 509
793289 381647 509
745317 364027 509
874181 638130 525
294978 911860 525
464805 730108 509
69178 412057 449
534065 982982 525
769557 911278 525
729217 634028 504
511705 657557 509
498672 369395 449
181444 865676 525
460122 867371 525
546053 79640 470
504055 349250 449
923967 761808 525
423877 203376 449
318975 623712 470
144752 497078 449
198173 530863 470
290572 21089 443
775347 294735 509
946512 213513 525
969467 490548 525
510369 18104 449
477309 996032 525
735852 19052 509
397097 250870 441
105286 120025 354
559991 891143 525
171264 529084 470
657990 772435 504
442437 236153 449
263439 709444 509
233683 880831 525
867405 951513 507
653693 173833 509
139118 192700 383
839660 392328 525
633289 891300 525
274200 936940 525
920224 176693 525
264821 549356 470
334887 851622 525
983274 848352 507
427305 546689 470
288511 97168 443
15614 735965 509
78479 882678 525
627569 524024 509
979127 770524 525
719462 109862 509
653517 95220 509
369478 787893 509
121205 553572 470
50842 75659 340
494013 856022 525
67541 55270 335
584136 305847 470
36418 954497 525
461173 937234 525
321127 962321 525
14092 321960 443
283859 672410 509
553239 950257 525
144117 327384 443
255859 371427 441
320694 913406 525
104207 47459 351
859462 690891 525
44968 110313 354
244505 812593 509
661272 585773 509
158879 123016 383
947925 886547 507
633718 172376 509
332451 361059 441
232812 80786 443
909267 548293 525
825469 765214 468
128164 260227 443
389883 176231 443
186543 423294 449
934981 767113 525
202761 822705 509
475628 564357 470
547089 235536 470
691295 380532 509
764792 49006 509
195016 804249 509
714417 907937 525
639757 252461 509
33134 912269 525
2609 227538 386
978373 68802 525
185460 455177 449
437777 994708 525
368165 766943 509
499121 649943 509
66739 13910 340
800821 308075 509
516640 641452 509
470761 41095 449
147725 305018 443
273800 681812 509
373475 624563 470
879766 30107 525
298622 535982 470
8831 536476 470
62452 649135 509
193400 67266 383
148063 116954 375
10218 465743 449
600521 557884 434
719053 265847 509
95500 593655 470
445360 43851 449
413465 678223 509
648207 861937 525
937995 663589 525
685347 391823 509
723930 162269 509
596725 821649 509
127852 574927 470
423897 850243 525
560159 612502 434
469306 325388 449
25815 480833 449
652727 331183 509
649711 181135 509
424216 353875 449
87807 184452 383
15472 860057 525
687860 328603 509
22104 229090 386
278953 520928 470
998056 673141 525
290638 899063 525
8431 552021 470
501757 926762 525
793472 577152 509
248805 579022 470
933782 364571 525
552436 732943 509
612488 575677 434
975372 595630 525
166937 160701 352
228998 772483 509
781740 979483 525
379781 847368 525
604895 429101 470
837527 694174 504
182830 101419 383
734814 4479 509
946032 944181 383
763212 777250 468
328078 813119 509
349648 852458 525
384161 494788 449
227784 51717 386
701914 772485 504
879202 283113 525
578406 870052 525
941432 495285 525
947265 131729 525
146167 143571 326
633394 125637 509
473064 915788 525
729996 907926 525
861076 11922 525
349200 401277 436
620515 431668 470
616014 475878 470
961929 125187 525
190746 353673 443
222741 362862 443
162676 97307 383
187103 7434 383
524587 920969 525
167378 713901 509
170171 361512 443
304650 834936 509
743965 499593 509
275006 433352 449
234726 652582 509
114212 643693 509
9908 915161 525
634850 506191 509
500093 127990 449
219081 430223 449
982519 246719 525
553866 632983 509
599000 330221 470
128052 975616 525
814986 51372 509
348111 997959 525
29417 949436 525
383510 692905 509
879302 41241 525
296843 464715 449
792681 540698 509
976477 417645 525
883856 237691 525
212401 109133 383
474866 387714 449
772970 748625 468
788411 220334 509
208415 414778 449
356411 654375 509
64296 151270 375
262298 759973 509
563823 406832 470
131386 334056 443
560109 370988 470
233242 811925 509
677828 610605 509
797084 313608 509
21626 902148 525
745810 170477 509
515623 376378 470
759986 231936 509
95225 774724 509
838050 677670 525
312915 196565 443
327037 532087 470
226444 274530 443
237666 817838 509
404503 408814 405
851521 810149 525
268969 543288 470
416476 971886 525
46952 902690 525
459877 738980 509
239806 672121 509
52547 314519 443
592792 400401 470
786242 787269 362
911162 792653 525
108671 186844 383
736041 883918 525
180308 277644 443
647494 644509 323
166214 812271 509
104660 528264 470
152149 625479 470
507363 868662 525
161865 784049 509
282746 385048 441
270579 238638 407
847444 482836 525
414227 293286 449
886142 670565 525
129050 536281 470
180207 317599 443
644140 482949 509
874257 675364 525
361789 803529 509
323081 262908 407
310530 127389 443
261826 482405 449
792167 550405 509
642465 42165 509
585640 374976 470
644778 275401 509
62357 486355 449
392905 195003 443
471817 81025 449
659124 740966 504
294879 845191 525
985902 701237 525
849498 794013 525
431762 706384 509
369601 268682 441
322533 391133 441
64757 142166 354
340670 895186 525
353105 54781 443
584267 261483 470
747832 196149 509
271159 624219 470
464171 43251 449
658615 717517 504
82954 240198 443
17863 724144 509
164349 107011 383
946436 992592 458
544429 961316 525
489092 949430 525
588783 104974 470
504104 376280 449
949014 450051 525
747900 535751 509
510929 63685 449
698396 745756 504
128803 603734 470
554414 231388 470
449125 892627 525
137388 712950 509
374452 905302 525
753699 180950 509
539767 423449 470
632566 370254 509
988861 57298 525
724643 523254 509
602688 874587 525
827833 773864 468
664436 515452 509
544331 99070 470
875615 858887 432
647087 643487 323
673315 964567 525
488733 49470 449
456276 76461 449
796940 250901 509
504953 380603 449
5393 439382 449
210431 75938 383
882603 649925 525
697643 972104 525
172295 354622 443
895744 136103 525
920816 972258 507
540447 286013 470
767518 445787 509
761749 712847 424
911664 243614 525
263679 212051 443
845677 227641 525
343551 186194 443
23629 218481 386
917588 920598 432
969357 117270 525
398343 820751 509
691773 756208 504
466946 981360 525
68070 979279 525
497852 980894 525
436492 861316 525
263274 82371 443
700339 52132 509
873106 223496 525
3021 114891 354
150808 803632 509
160482 665072 509
570492 853740 525
184876 528474 470
655774 243191 509
149333 480667 449
717655 288634 509
391480 609375 470
161936 406536 443
927655 8511 525
31166 561906 470
276133 597864 470
768878 456548 509
38132 909502 525
966807 719054 525
954950 441723 525
479607 577199 470
292776 582425 470
306745 250528 407
203080 764496 509
831744 165544 509
561944 30817 470
596491 787753 509
828052 487098 509
112917 883204 525
451804 332956 449
262986 645486 509
250853 685466 509
268617 440233 449
650664 126941 509
693399 5936 509
207475 960736 525
72638 926825 525
175569 770082 509
101657 176152 383
477527 62634 449
739500 120664 509
561051 252731 470
140619 534607 470
71812 304990 443
407583 871046 525
227358 498681 449
704982 970523 525
200650 116401 383
240912 326769 407
757207 230623 509
929170 358679 525
599383 184859 470
32748 795478 509
517451 365445 470
978598 673840 525
610788 583039 434
845789 768862 525
39329 379455 443
428553 534599 470
299340 525622 470
168707 756226 509
632162 317452 509
718780 114839 509
231697 880975 525
387973 571555 470
6324 806283 509
875657 929622 476
65136 846780 525
547645 816380 509
642197 300781 509
222132 34283 386
543820 700757 509
528661 624806 452
496356 832173 509
363644 493861 449
759155 669361 504
893331 325659 525
105004 958334 525
620566 512057 452
117327 379118 443
107625 969093 525
611964 203722 470
760708 866057 525
711788 39629 509
214637 875940 525
996305 426596 525
774326 856874 525
930336 629761 525
790132 955477 525
188408 548424 470
991664 87241 525
898505 523049 525
658756 839412 525
18445 899606 525
190714 618759 470
105877 681410 509
213208 703015 509
236039 370331 441
60019 250375 443
334419 866741 525
231082 701464 509
551928 335741 470
691632 735513 504
634352 417248 509
347220 530800 470
732085 593067 509
677256 773067 504
537664 587857 452
809837 681390 504
833472 295917 509
789204 959643 525
156920 21506 383
92832 181133 383
74135 682105 509
661714 867814 525
509918 936897 525
548585 624298 447
516673 802423 509
425558 43201 449
873275 937744 476
488046 50814 449
702221 599042 509
800278 777474 468
770349 796568 468
628530 460432 509
116139 23318 354
671774 283300 509
109189 309940 443
280675 829007 509
764049 93704 509
793340 864456 525
517816 961813 525
500296 782989 509
531974 594001 452
829778 405569 509
691300 679767 398
953775 716969 525
138398 662740 509
60909 834778 509
605700 274308 470
574276 577859 390
711347 296822 509
34175 508341 449
355630 213800 443
84693 636215 509
141978 504443 449
334604 555003 470
292923 664565 509
337029 616109 470
529170 808410 509
737975 810582 468
726842 812130 468
974719 423499 525
582453 441953 470
136704 481537 449
193287 557114 470
372660 525506 470
694594 577896 509
485595 892313 525
481428 403146 449
679729 308962 509
398275 396763 343
145973 297677 443
762897 327956 509
558755 627195 509
755635 206940 509
930257 758796 525
833548 433765 509
13090 296685 443
18543 62045 340
625720 236830 470
491909 211187 449
922170 122227 525
531327 100073 470
705868 965822 525
452606 576327 470
165949 978717 525
517750 784965 509
578811 883228 525
469094 385409 449
763045 276686 509
138197 596021 470
515686 777999 509
238442 812006 509
257231 360672 441
766484 916841 525
553218 570328 421
130386 816653 509
693143 23602 509
460172 747189 509
100809 609606 470
885313 225586 525
46228 297448 443
50999 129647 354
774250 961907 525
870031 186678 525
888433 854100 445
740485 24240 509
691182 770728 504
384341 259332 441
271006 115116 443
244108 677916 509
250796 23918 443
715228 299332 509
483673 45694 449
460858 819484 509
415764 743970 509
208469 109113 383
554874 135337 470
812875 419022 509
70622 302085 443
62081 594509 470
333235 459982 449
961542 633872 525
139412 312596 443
564563 149392 470
996170 790006 525
323893 742624 509
589298 117702 470
937237 959198 507
158063 452636 449
402922 971148 525
753019 392427 509
188075 149934 383
945435 574918 525
411863 840316 525
406552 769562 509
452642 993000 525
494955 412516 444
272769 792336 509
